tests\modules\test_opportunities_service.py: note: In member "test_generate_opportunities" of class "TestOpportunityService":
tests\modules\test_opportunities_service.py:134: error: Missing named argument "goal_id" for "OpportunityGenerateRequest"  [call-arg]
modules\architecture\service.py: note: In member "set_project_context" of class "ArchitectureService":
modules\architecture\service.py:50: error: Function is missing a return type annotation  [no-untyped-def]
modules\architecture\service.py:52: error: Incompatible types in assignment (expression has type "UUID", variable has type "None")  [assignment]
modules\architecture\service.py: note: In member "create_dependency" of class "ArchitectureService":
modules\architecture\service.py:185: error: Function is missing a return type annotation  [no-untyped-def]
modules\architecture\service.py: note: In member "get_dependency" of class "ArchitectureService":
modules\architecture\service.py:290: error: Function is missing a return type annotation  [no-untyped-def]
modules\architecture\service.py: note: In member "list_dependencies" of class "ArchitectureService":
modules\architecture\service.py:294: error: Function is missing a return type annotation  [no-untyped-def]
modules\architecture\service.py: note: In member "update_dependency" of class "ArchitectureService":
modules\architecture\service.py:305: error: Function is missing a return type annotation  [no-untyped-def]
modules\architecture\service.py: note: In member "create_rule" of class "ArchitectureService":
modules\architecture\service.py:317: error: Function is missing a return type annotation  [no-untyped-def]
modules\architecture\service.py: note: In member "get_rule" of class "ArchitectureService":
modules\architecture\service.py:321: error: Function is missing a return type annotation  [no-untyped-def]
modules\architecture\service.py: note: In member "list_rules" of class "ArchitectureService":
modules\architecture\service.py:325: error: Function is missing a return type annotation  [no-untyped-def]
modules\architecture\service.py: note: In member "update_rule" of class "ArchitectureService":
modules\architecture\service.py:340: error: Function is missing a return type annotation  [no-untyped-def]
modules\architecture\service.py: note: In member "deactivate_rule" of class "ArchitectureService":
modules\architecture\service.py:348: error: Function is missing a return type annotation  [no-untyped-def]
core\tree_monitors.py: note: In member "_check_high_complexity" of class "TreeMonitoringService":
core\tree_monitors.py:117: error: Returning Any from function declared to return "bool"  [no-any-return]
core\ai_governor.py:24: error: Unused "type: ignore" comment  [unused-ignore]
ai_agents\code_generation_team.py:267: error: Unused "type: ignore" comment  [unused-ignore]
ai_agents\code_generation_team.py:274: error: Unused "type: ignore" comment  [unused-ignore]
api\v1\requirements.py: note: In function "generate_technology_recommendations":
api\v1\requirements.py:290: error: Incompatible types in assignment (expression has type "TechnologyRecommendation", variable has type "dict[str, Any]")  [assignment]
api\v1\requirements.py:291: error: "dict[str, Any]" has no attribute "technology_type"  [attr-defined]
api\v1\requirements.py:294: error: Argument "recommendations" to "TechnologyRecommendationSummary" has incompatible type "list[TechnologyRecommendation]"; expected "list[TechnologyRecommendationResponse]"  [arg-type]
api\v1\architecture.py: note: In function "generate_architecture":
api\v1\architecture.py:141: error: Need type annotation for "created_rules" (hint: "created_rules: list[<type>] = ...")  [var-annotated]
api\v1\architecture.py: note: In function "simulate_module_change":
api\v1\architecture.py:496: error: Function is missing a return type annotation  [no-untyped-def]
api\v1\architecture.py: note: In function "get_dependency_analysis":
api\v1\architecture.py:518: error: Function is missing a return type annotation  [no-untyped-def]
api\v1\architecture.py: note: In function "validate_module_rules":
api\v1\architecture.py:537: error: Function is missing a return type annotation  [no-untyped-def]
api\v1\architecture.py: note: In function "execute_ai_architecture_plan":
api\v1\architecture.py:561: error: Function is missing a return type annotation  [no-untyped-def]
main.py:41: error: Unused "type: ignore" comment  [unused-ignore]
tests\e2e\test_refmemtree_e2e.py: note: In member "test_e2e_module_creation_syncs_to_refmemtree" of class "TestRefMemTreeE2E":
tests\e2e\test_refmemtree_e2e.py:26: error: Function is missing a type annotation  [no-untyped-def]
tests\e2e\test_refmemtree_e2e.py: note: In member "test_e2e_dependency_with_circular_detection" of class "TestRefMemTreeE2E":
tests\e2e\test_refmemtree_e2e.py:67: error: Function is missing a type annotation  [no-untyped-def]
tests\e2e\test_refmemtree_e2e.py: note: In member "test_e2e_impact_analysis_endpoint" of class "TestRefMemTreeE2E":
tests\e2e\test_refmemtree_e2e.py:131: error: Function is missing a type annotation  [no-untyped-def]
tests\e2e\test_refmemtree_e2e.py: note: In member "test_e2e_analytics_critical_nodes" of class "TestRefMemTreeE2E":
tests\e2e\test_refmemtree_e2e.py:191: error: Function is missing a type annotation  [no-untyped-def]
tests\e2e\test_refmemtree_e2e.py: note: In member "test_e2e_ai_governor_plan_execution" of class "TestRefMemTreeE2E":
tests\e2e\test_refmemtree_e2e.py:239: error: Function is missing a type annotation  [no-untyped-def]
tests\e2e\test_refmemtree_e2e.py: note: In member "test_e2e_refmemtree_protection_on_delete" of class "TestRefMemTreeE2E":
tests\e2e\test_refmemtree_e2e.py:291: error: Function is missing a type annotation  [no-untyped-def]
tests\e2e\test_refmemtree_e2e.py: note: In member "test_e2e_real_time_monitoring" of class "TestRefMemTreeE2E":
tests\e2e\test_refmemtree_e2e.py:348: error: Function is missing a type annotation  [no-untyped-def]
tests\e2e\test_refmemtree_e2e.py: note: In member "test_e2e_snapshot_and_rollback" of class "TestRefMemTreeE2E":
tests\e2e\test_refmemtree_e2e.py:366: error: Function is missing a type annotation  [no-untyped-def]
tests\e2e\test_refmemtree_e2e.py: note: In function "async_client":
tests\e2e\test_refmemtree_e2e.py:416: error: Function is missing a return type annotation  [no-untyped-def]
tests\e2e\test_refmemtree_e2e.py:418: error: Unexpected keyword argument "app" for "AsyncClient"  [call-arg]
C:\Users\aaami\AppData\Local\pypoetry\Cache\virtualenvs\codorch-backend-zG6I4CYv-py3.12\Lib\site-packages\httpx\_client.py: note: "AsyncClient" defined here
tests\e2e\test_refmemtree_e2e.py: note: In function "auth_headers":
tests\e2e\test_refmemtree_e2e.py:423: error: Function is missing a return type annotation  [no-untyped-def]
tests\e2e\test_refmemtree_e2e.py: note: In function "sample_project":
tests\e2e\test_refmemtree_e2e.py:430: error: Function is missing a type annotation  [no-untyped-def]
Found 37 errors in 9 files (checked 118 source files)
